# JRE version: Java(TM) SE Runtime Environment (13.0.2+8) (build 13.0.2+8)
# Java VM: Java HotSpot(TM) 64-Bit Server VM (13.0.2+8, mixed mode, sharing, tiered, compressed oops, g1 gc, windows-amd64)
Heap:
 garbage-first heap   total 51200K, used 34214K [0x0000000081400000, 0x0000000100000000)
  region size 1024K, 24 young (24576K), 3 survivors (3072K)
 Metaspace       used 25180K, capacity 25666K, committed 25856K, reserved 1071104K
  class space    used 3074K, capacity 3233K, committed 3328K, reserved 1048576K
GC Heap History (8 events):
Event: 1.113 GC heap before
{Heap before GC invocations=0 (full 0):
 garbage-first heap   total 131072K, used 14336K [0x0000000081400000, 0x0000000100000000)
  region size 1024K, 14 young (14336K), 0 survivors (0K)
 Metaspace       used 1588K, capacity 4818K, committed 5120K, reserved 1056768K
  class space    used 148K, capacity 435K, committed 512K, reserved 1048576K
}
Event: 1.117 GC heap after
{Heap after GC invocations=1 (full 0):
 garbage-first heap   total 131072K, used 6705K [0x0000000081400000, 0x0000000100000000)
  region size 1024K, 2 young (2048K), 2 survivors (2048K)
 Metaspace       used 1588K, capacity 4818K, committed 5120K, reserved 1056768K
  class space    used 148K, capacity 435K, committed 512K, reserved 1048576K
}
Event: 2.164 GC heap before
{Heap before GC invocations=1 (full 0):
 garbage-first heap   total 131072K, used 17969K [0x0000000081400000, 0x0000000100000000)
  region size 1024K, 14 young (14336K), 2 survivors (2048K)
 Metaspace       used 6314K, capacity 6620K, committed 6784K, reserved 1056768K
  class space    used 685K, capacity 787K, committed 896K, reserved 1048576K
}
Event: 2.169 GC heap after
{Heap after GC invocations=2 (full 0):
 garbage-first heap   total 131072K, used 8541K [0x0000000081400000, 0x0000000100000000)
  region size 1024K, 2 young (2048K), 2 survivors (2048K)
 Metaspace       used 6314K, capacity 6620K, committed 6784K, reserved 1056768K
  class space    used 685K, capacity 787K, committed 896K, reserved 1048576K
}
Event: 5.066 GC heap before
{Heap before GC invocations=2 (full 0):
 garbage-first heap   total 131072K, used 35165K [0x0000000081400000, 0x0000000100000000)
  region size 1024K, 28 young (28672K), 2 survivors (2048K)
 Metaspace       used 14880K, capacity 15111K, committed 15360K, reserved 1062912K
  class space    used 1709K, capacity 1777K, committed 1792K, reserved 1048576K
}
Event: 5.070 GC heap after
{Heap after GC invocations=3 (full 0):
 garbage-first heap   total 131072K, used 11216K [0x0000000081400000, 0x0000000100000000)
  region size 1024K, 4 young (4096K), 4 survivors (4096K)
 Metaspace       used 14880K, capacity 15111K, committed 15360K, reserved 1062912K
  class space    used 1709K, capacity 1777K, committed 1792K, reserved 1048576K
}
Event: 6.563 GC heap before
{Heap before GC invocations=3 (full 0):
 garbage-first heap   total 131072K, used 43984K [0x0000000081400000, 0x0000000100000000)
  region size 1024K, 37 young (37888K), 4 survivors (4096K)
 Metaspace       used 20888K, capacity 21228K, committed 21248K, reserved 1069056K
  class space    used 2455K, capacity 2543K, committed 2560K, reserved 1048576K
}
Event: 6.574 GC heap after
{Heap after GC invocations=4 (full 0):
 garbage-first heap   total 131072K, used 13734K [0x0000000081400000, 0x0000000100000000)
  region size 1024K, 3 young (3072K), 3 survivors (3072K)
 Metaspace       used 20888K, capacity 21228K, committed 21248K, reserved 1069056K
  class space    used 2455K, capacity 2543K, committed 2560K, reserved 1048576K
}

